<?xml version="1.0" encoding="UTF-8"?>
<testsuite xmlns:xsi="http://www.w3.org/2001/XMLSchema-instance" xsi:noNamespaceSchemaLocation="https://maven.apache.org/surefire/maven-surefire-plugin/xsd/surefire-test-report-3.0.xsd" version="3.0" name="com.aurickcode.customer.CustomerJDBCDataAccessServiceTest" time="3.055" tests="14" errors="0" skipped="0" failures="0">
  <properties>
[...]
</properties>
  <testcase name="testDeleteCustomerById" classname="com.aurickcode.customer.CustomerJDBCDataAccessServiceTest" time="0.235">
    <system-out><![CDATA[23:33:05.175 [main] INFO org.testcontainers.images.PullPolicy -- Image pull policy will be performed by: DefaultPullPolicy()
23:33:05.179 [main] INFO org.testcontainers.utility.ImageNameSubstitutor -- Image name substitution will be performed by: DefaultImageNameSubstitutor (composite of 'ConfigurationFileImageNameSubstitutor' and 'PrefixingImageNameSubstitutor')
23:33:05.326 [main] INFO org.testcontainers.dockerclient.DockerClientProviderStrategy -- Loaded org.testcontainers.dockerclient.NpipeSocketClientProviderStrategy from ~/.testcontainers.properties, will try it first
23:33:05.466 [main] INFO org.testcontainers.dockerclient.DockerClientProviderStrategy -- Found Docker environment with local Npipe socket (npipe:////./pipe/docker_engine)
23:33:05.471 [main] INFO org.testcontainers.DockerClientFactory -- Docker host IP address is localhost
23:33:05.483 [main] INFO org.testcontainers.DockerClientFactory -- Connected to docker: 
  Server Version: 24.0.6
  API Version: 1.43
  Operating System: Docker Desktop
  Total Memory: 15835 MB
23:33:05.504 [main] INFO tc.testcontainers/ryuk:0.5.1 -- Creating container for image: testcontainers/ryuk:0.5.1
23:33:05.678 [main] INFO tc.testcontainers/ryuk:0.5.1 -- Container testcontainers/ryuk:0.5.1 is starting: 98b408c72a37e88e0f2fa8943e0e71e34b95b827e44fd9c782718954c8abb20c
23:33:06.032 [main] INFO tc.testcontainers/ryuk:0.5.1 -- Container testcontainers/ryuk:0.5.1 started in PT0.5272888S
23:33:06.035 [main] INFO org.testcontainers.utility.RyukResourceReaper -- Ryuk started - will monitor and terminate Testcontainers containers on JVM exit
23:33:06.035 [main] INFO org.testcontainers.DockerClientFactory -- Checking the system...
23:33:06.035 [main] INFO org.testcontainers.DockerClientFactory -- ✔︎ Docker server version should be at least 1.6.0
23:33:06.036 [main] INFO tc.postgres:latest -- Creating container for image: postgres:latest
23:33:06.052 [main] INFO tc.postgres:latest -- Container postgres:latest is starting: 0b844d34ea26316644f501e1321cfdca35252db6603ed360c8fb3abf47934e4d
23:33:06.941 [main] INFO tc.postgres:latest -- Container postgres:latest started in PT0.9052298S
23:33:06.942 [main] INFO tc.postgres:latest -- Container is started (JDBC URL: jdbc:postgresql://localhost:53524/aurickcode-dao-unit-test?loggerLevel=OFF)
23:33:07.007 [main] INFO org.flywaydb.core.internal.license.VersionPrinter -- Flyway Community Edition 9.16.3 by Redgate
23:33:07.007 [main] INFO org.flywaydb.core.internal.license.VersionPrinter -- See release notes here: https://rd.gt/416ObMi
23:33:07.007 [main] INFO org.flywaydb.core.internal.license.VersionPrinter -- 
23:33:07.133 [main] INFO org.flywaydb.core.internal.database.base.BaseDatabaseType -- Database: jdbc:postgresql://localhost:53524/aurickcode-dao-unit-test (PostgreSQL 16.1)
23:33:07.141 [main] WARN org.flywaydb.core.internal.database.base.Database -- Flyway upgrade recommended: PostgreSQL 16.1 is newer than this version of Flyway and support has not been tested. The latest supported version of PostgreSQL is 15.
23:33:07.158 [main] INFO org.flywaydb.core.internal.schemahistory.JdbcTableSchemaHistory -- Schema history table "public"."flyway_schema_history" does not exist yet
23:33:07.161 [main] INFO org.flywaydb.core.internal.command.DbValidate -- Successfully validated 2 migrations (execution time 00:00.010s)
23:33:07.173 [main] INFO org.flywaydb.core.internal.schemahistory.JdbcTableSchemaHistory -- Creating Schema History table "public"."flyway_schema_history" ...
23:33:07.219 [main] INFO org.flywaydb.core.internal.command.DbMigrate -- Current version of schema "public": << Empty Schema >>
23:33:07.225 [main] INFO org.flywaydb.core.internal.command.DbMigrate -- Migrating schema "public" to version "1 - Initial Setup"
23:33:07.245 [main] INFO org.flywaydb.core.internal.command.DbMigrate -- Migrating schema "public" to version "2 - Add Unique Constraint To Customer Email"
23:33:07.255 [main] INFO org.flywaydb.core.internal.command.DbMigrate -- Successfully applied 2 migrations to schema "public", now at version v2 (execution time 00:00.043s)

23:33:07.392 [main] INFO com.zaxxer.hikari.HikariDataSource -- HikariPool-1 - Starting...
23:33:07.441 [main] INFO com.zaxxer.hikari.pool.HikariPool -- HikariPool-1 - Added connection org.postgresql.jdbc.PgConnection@406ad6d5
23:33:07.443 [main] INFO com.zaxxer.hikari.HikariDataSource -- HikariPool-1 - Start completed.
Result: 1
deleteCustomerById result = 1
]]></system-out>
  </testcase>
  <testcase name="testUpdateCustomerName" classname="com.aurickcode.customer.CustomerJDBCDataAccessServiceTest" time="0.038">
    <system-out><![CDATA[23:33:07.498 [main] INFO com.zaxxer.hikari.HikariDataSource -- HikariPool-2 - Starting...
23:33:07.525 [main] INFO com.zaxxer.hikari.pool.HikariPool -- HikariPool-2 - Added connection org.postgresql.jdbc.PgConnection@1edf71d9
23:33:07.525 [main] INFO com.zaxxer.hikari.HikariDataSource -- HikariPool-2 - Start completed.
Result: 1
update customer name result = 1
]]></system-out>
  </testcase>
  <testcase name="testUpdateCustomerAge" classname="com.aurickcode.customer.CustomerJDBCDataAccessServiceTest" time="0.018">
    <system-out><![CDATA[23:33:07.539 [main] INFO com.zaxxer.hikari.HikariDataSource -- HikariPool-3 - Starting...
23:33:07.550 [main] INFO com.zaxxer.hikari.pool.HikariPool -- HikariPool-3 - Added connection org.postgresql.jdbc.PgConnection@7657d90b
23:33:07.550 [main] INFO com.zaxxer.hikari.HikariDataSource -- HikariPool-3 - Start completed.
Result: 1
update customer age result = 1
]]></system-out>
  </testcase>
  <testcase name="willUpdateAllPropertiesCustomer" classname="com.aurickcode.customer.CustomerJDBCDataAccessServiceTest" time="0.02">
    <system-out><![CDATA[23:33:07.558 [main] INFO com.zaxxer.hikari.HikariDataSource -- HikariPool-4 - Starting...
23:33:07.569 [main] INFO com.zaxxer.hikari.pool.HikariPool -- HikariPool-4 - Added connection org.postgresql.jdbc.PgConnection@7645e64
23:33:07.569 [main] INFO com.zaxxer.hikari.HikariDataSource -- HikariPool-4 - Start completed.
Result: 1
update customer name result = 1
update customer age result = 1
update customer email result = 1
]]></system-out>
  </testcase>
  <testcase name="existsPersonWithIdWillReturnFalseWhenIdNotPresent" classname="com.aurickcode.customer.CustomerJDBCDataAccessServiceTest" time="0.027">
    <system-out><![CDATA[23:33:07.592 [main] INFO com.zaxxer.hikari.HikariDataSource -- HikariPool-5 - Starting...
23:33:07.601 [main] INFO com.zaxxer.hikari.pool.HikariPool -- HikariPool-5 - Added connection org.postgresql.jdbc.PgConnection@1f9a7684
23:33:07.601 [main] INFO com.zaxxer.hikari.HikariDataSource -- HikariPool-5 - Start completed.
]]></system-out>
  </testcase>
  <testcase name="testSelectCustomerById" classname="com.aurickcode.customer.CustomerJDBCDataAccessServiceTest" time="0.015">
    <system-out><![CDATA[23:33:07.606 [main] INFO com.zaxxer.hikari.HikariDataSource -- HikariPool-6 - Starting...
23:33:07.616 [main] INFO com.zaxxer.hikari.pool.HikariPool -- HikariPool-6 - Added connection org.postgresql.jdbc.PgConnection@175f859e
23:33:07.616 [main] INFO com.zaxxer.hikari.HikariDataSource -- HikariPool-6 - Start completed.
Result: 1
]]></system-out>
  </testcase>
  <testcase name="testUpdateCustomerEmail" classname="com.aurickcode.customer.CustomerJDBCDataAccessServiceTest" time="0.024">
    <system-out><![CDATA[23:33:07.622 [main] INFO com.zaxxer.hikari.HikariDataSource -- HikariPool-7 - Starting...
23:33:07.639 [main] INFO com.zaxxer.hikari.pool.HikariPool -- HikariPool-7 - Added connection org.postgresql.jdbc.PgConnection@386e9fd8
23:33:07.640 [main] INFO com.zaxxer.hikari.HikariDataSource -- HikariPool-7 - Start completed.
Result: 1
update customer email result = 1
]]></system-out>
  </testcase>
  <testcase name="testInsertCustomer" classname="com.aurickcode.customer.CustomerJDBCDataAccessServiceTest" time="0.001"/>
  <testcase name="willNotUpdateWhenNothingToUpdate" classname="com.aurickcode.customer.CustomerJDBCDataAccessServiceTest" time="0.014">
    <system-out><![CDATA[23:33:07.648 [main] INFO com.zaxxer.hikari.HikariDataSource -- HikariPool-8 - Starting...
23:33:07.658 [main] INFO com.zaxxer.hikari.pool.HikariPool -- HikariPool-8 - Added connection org.postgresql.jdbc.PgConnection@5464b97c
23:33:07.658 [main] INFO com.zaxxer.hikari.HikariDataSource -- HikariPool-8 - Start completed.
Result: 1
]]></system-out>
  </testcase>
  <testcase name="testExistsPersonWithEmail" classname="com.aurickcode.customer.CustomerJDBCDataAccessServiceTest" time="0.016">
    <system-out><![CDATA[23:33:07.663 [main] INFO com.zaxxer.hikari.HikariDataSource -- HikariPool-9 - Starting...
23:33:07.674 [main] INFO com.zaxxer.hikari.pool.HikariPool -- HikariPool-9 - Added connection org.postgresql.jdbc.PgConnection@5341e71a
23:33:07.675 [main] INFO com.zaxxer.hikari.HikariDataSource -- HikariPool-9 - Start completed.
Result: 1
]]></system-out>
  </testcase>
  <testcase name="testExistsPersonWithId" classname="com.aurickcode.customer.CustomerJDBCDataAccessServiceTest" time="0.019">
    <system-out><![CDATA[23:33:07.679 [main] INFO com.zaxxer.hikari.HikariDataSource -- HikariPool-10 - Starting...
23:33:07.693 [main] INFO com.zaxxer.hikari.pool.HikariPool -- HikariPool-10 - Added connection org.postgresql.jdbc.PgConnection@75452aea
23:33:07.693 [main] INFO com.zaxxer.hikari.HikariDataSource -- HikariPool-10 - Start completed.
Result: 1
]]></system-out>
  </testcase>
  <testcase name="existsPersonWithEmailReturnsFalseWhenDoesNotExists" classname="com.aurickcode.customer.CustomerJDBCDataAccessServiceTest" time="0.014">
    <system-out><![CDATA[23:33:07.699 [main] INFO com.zaxxer.hikari.HikariDataSource -- HikariPool-11 - Starting...
23:33:07.710 [main] INFO com.zaxxer.hikari.pool.HikariPool -- HikariPool-11 - Added connection org.postgresql.jdbc.PgConnection@3212bfd
23:33:07.710 [main] INFO com.zaxxer.hikari.HikariDataSource -- HikariPool-11 - Start completed.
]]></system-out>
  </testcase>
  <testcase name="testSelectAllCustomers" classname="com.aurickcode.customer.CustomerJDBCDataAccessServiceTest" time="0.064">
    <system-out><![CDATA[23:33:07.715 [main] INFO com.zaxxer.hikari.HikariDataSource -- HikariPool-12 - Starting...
23:33:07.767 [main] INFO com.zaxxer.hikari.pool.HikariPool -- HikariPool-12 - Added connection org.postgresql.jdbc.PgConnection@34cb0e49
23:33:07.768 [main] INFO com.zaxxer.hikari.HikariDataSource -- HikariPool-12 - Start completed.
Result: 1
]]></system-out>
  </testcase>
  <testcase name="willReturnEmptyWhenSelectCustomerById" classname="com.aurickcode.customer.CustomerJDBCDataAccessServiceTest" time="0.016">
    <system-out><![CDATA[23:33:07.778 [main] INFO com.zaxxer.hikari.HikariDataSource -- HikariPool-13 - Starting...
23:33:07.791 [main] INFO com.zaxxer.hikari.pool.HikariPool -- HikariPool-13 - Added connection org.postgresql.jdbc.PgConnection@3e98b933
23:33:07.792 [main] INFO com.zaxxer.hikari.HikariDataSource -- HikariPool-13 - Start completed.
]]></system-out>
  </testcase>
</testsuite>