<?xml version="1.0" encoding="UTF-8"?>
<testsuite xmlns:xsi="http://www.w3.org/2001/XMLSchema-instance" xsi:noNamespaceSchemaLocation="https://maven.apache.org/surefire/maven-surefire-plugin/xsd/surefire-test-report-3.0.xsd" version="3.0" name="com.aurickcode.customer.CustomerRepositoryTest" time="6.155" tests="4" errors="0" skipped="0" failures="0">
  <properties>
[...]
</properties>
  <testcase name="testExistsCustomerById" classname="com.aurickcode.customer.CustomerRepositoryTest" time="0.215">
    <system-out><![CDATA[00:36:36.694 [main] INFO tc.postgres:latest -- Creating container for image: postgres:latest
00:36:36.757 [main] INFO tc.postgres:latest -- Container postgres:latest is starting: 0fd3c214b875e3e757abf729395a35df06e4fb0f2c95429229f75fe787173c6d
00:36:37.803 [main] INFO tc.postgres:latest -- Container postgres:latest started in PT1.1098874S
00:36:37.803 [main] INFO tc.postgres:latest -- Container is started (JDBC URL: jdbc:postgresql://localhost:54981/aurickcode-dao-unit-test?loggerLevel=OFF)
00:36:37.880 [main] INFO org.springframework.test.context.support.AnnotationConfigContextLoaderUtils -- Could not detect default configuration classes for test class [com.aurickcode.customer.CustomerRepositoryTest]: CustomerRepositoryTest does not declare any static, non-private, non-final, nested classes annotated with @Configuration.
00:36:37.985 [main] INFO org.springframework.boot.test.context.SpringBootTestContextBootstrapper -- Found @SpringBootConfiguration com.aurickcode.Main for test class com.aurickcode.customer.CustomerRepositoryTest
00:36:38.148 [main] INFO org.flywaydb.core.internal.database.base.BaseDatabaseType -- Database: jdbc:postgresql://localhost:54981/aurickcode-dao-unit-test (PostgreSQL 16.1)
00:36:38.210 [main] WARN org.flywaydb.core.internal.database.base.Database -- Flyway upgrade recommended: PostgreSQL 16.1 is newer than this version of Flyway and support has not been tested. The latest supported version of PostgreSQL is 15.
00:36:38.258 [main] INFO org.flywaydb.core.internal.schemahistory.JdbcTableSchemaHistory -- Schema history table "public"."flyway_schema_history" does not exist yet
00:36:38.261 [main] INFO org.flywaydb.core.internal.command.DbValidate -- Successfully validated 2 migrations (execution time 00:00.026s)
00:36:38.281 [main] INFO org.flywaydb.core.internal.schemahistory.JdbcTableSchemaHistory -- Creating Schema History table "public"."flyway_schema_history" ...
00:36:38.403 [main] INFO org.flywaydb.core.internal.command.DbMigrate -- Current version of schema "public": << Empty Schema >>
00:36:38.415 [main] INFO org.flywaydb.core.internal.command.DbMigrate -- Migrating schema "public" to version "1 - Initial Setup"
00:36:38.445 [main] INFO org.flywaydb.core.internal.command.DbMigrate -- Migrating schema "public" to version "2 - Add Unique Constraint To Customer Email"
00:36:38.462 [main] INFO org.flywaydb.core.internal.command.DbMigrate -- Successfully applied 2 migrations to schema "public", now at version v2 (execution time 00:00.073s)


  .   ____          _            __ _ _
 /\\ / ___'_ __ _ _(_)_ __  __ _ \ \ \ \
( ( )\___ | '_ | '_| | '_ \/ _` | \ \ \ \
 \\/  ___)| |_)| | | | | || (_| |  ) ) ) )
  '  |____| .__|_| |_|_| |_\__, | / / / /
 =========|_|==============|___/=/_/_/_/
 :: Spring Boot ::                (v3.1.5)

2023-12-05T00:36:39.009-08:00  INFO 23656 --- [           main] c.a.customer.CustomerRepositoryTest      : Starting CustomerRepositoryTest using Java 21 with PID 23656 (started by anuro in f:\spring-boot-example\spring-boot-example\backend)
2023-12-05T00:36:39.012-08:00  INFO 23656 --- [           main] c.a.customer.CustomerRepositoryTest      : No active profile set, falling back to 1 default profile: "default"
2023-12-05T00:36:39.382-08:00  INFO 23656 --- [           main] .s.d.r.c.RepositoryConfigurationDelegate : Multiple Spring Data modules found, entering strict repository configuration mode
2023-12-05T00:36:39.383-08:00  INFO 23656 --- [           main] .s.d.r.c.RepositoryConfigurationDelegate : Bootstrapping Spring Data JPA repositories in DEFAULT mode.
2023-12-05T00:36:39.521-08:00  INFO 23656 --- [           main] .s.d.r.c.RepositoryConfigurationDelegate : Finished Spring Data repository scanning in 134 ms. Found 1 JPA repository interfaces.
2023-12-05T00:36:39.912-08:00  INFO 23656 --- [           main] com.zaxxer.hikari.HikariDataSource       : HikariPool-14 - Starting...
2023-12-05T00:36:39.935-08:00  INFO 23656 --- [           main] com.zaxxer.hikari.pool.HikariPool        : HikariPool-14 - Added connection org.postgresql.jdbc.PgConnection@2b551e7b
2023-12-05T00:36:39.936-08:00  INFO 23656 --- [           main] com.zaxxer.hikari.HikariDataSource       : HikariPool-14 - Start completed.
2023-12-05T00:36:39.941-08:00  INFO 23656 --- [           main] o.f.c.i.database.base.BaseDatabaseType   : Database: jdbc:postgresql://localhost:54981/aurickcode-dao-unit-test (PostgreSQL 16.1)
2023-12-05T00:36:39.948-08:00  WARN 23656 --- [           main] o.f.c.internal.database.base.Database    : Flyway upgrade recommended: PostgreSQL 16.1 is newer than this version of Flyway and support has not been tested. The latest supported version of PostgreSQL is 15.
2023-12-05T00:36:39.959-08:00  INFO 23656 --- [           main] o.f.core.internal.command.DbValidate     : Successfully validated 2 migrations (execution time 00:00.008s)
2023-12-05T00:36:39.988-08:00  INFO 23656 --- [           main] o.f.core.internal.command.DbMigrate      : Current version of schema "public": 2
2023-12-05T00:36:39.989-08:00  INFO 23656 --- [           main] o.f.core.internal.command.DbMigrate      : Schema "public" is up to date. No migration necessary.
2023-12-05T00:36:40.119-08:00  INFO 23656 --- [           main] o.hibernate.jpa.internal.util.LogHelper  : HHH000204: Processing PersistenceUnitInfo [name: default]
2023-12-05T00:36:40.173-08:00  INFO 23656 --- [           main] org.hibernate.Version                    : HHH000412: Hibernate ORM core version 6.2.13.Final
2023-12-05T00:36:40.175-08:00  INFO 23656 --- [           main] org.hibernate.cfg.Environment            : HHH000406: Using bytecode reflection optimizer
2023-12-05T00:36:40.319-08:00  INFO 23656 --- [           main] o.s.o.j.p.SpringPersistenceUnitInfo      : No LoadTimeWeaver setup: ignoring JPA class transformer
2023-12-05T00:36:40.368-08:00  WARN 23656 --- [           main] org.hibernate.orm.deprecation            : HHH90000025: PostgreSQLDialect does not need to be specified explicitly using 'hibernate.dialect' (remove the property setting and it will be selected by default)
2023-12-05T00:36:41.339-08:00  INFO 23656 --- [           main] o.h.e.t.j.p.i.JtaPlatformInitiator       : HHH000489: No JTA platform available (set 'hibernate.transaction.jta.platform' to enable JTA platform integration)
2023-12-05T00:36:41.393-08:00  INFO 23656 --- [           main] j.LocalContainerEntityManagerFactoryBean : Initialized JPA EntityManagerFactory for persistence unit 'default'
2023-12-05T00:36:41.854-08:00  WARN 23656 --- [           main] JpaBaseConfiguration$JpaWebConfiguration : spring.jpa.open-in-view is enabled by default. Therefore, database queries may be performed during view rendering. Explicitly configure spring.jpa.open-in-view to disable this warning
2023-12-05T00:36:41.966-08:00  INFO 23656 --- [           main] c.a.customer.CustomerRepositoryTest      : Started CustomerRepositoryTest in 3.46 seconds (process running for 21.48)
Hibernate: 
    select
        nextval('customer_id_seq')
Hibernate: 
    insert 
    into
        customer
        (age,email,name,id) 
    values
        (?,?,?,?)
90
Hibernate: 
    select
        nextval('customer_id_seq')
Hibernate: 
    insert 
    into
        customer
        (age,email,name,id) 
    values
        (?,?,?,?)
Hibernate: 
    select
        c1_0.id,
        c1_0.age,
        c1_0.email,
        c1_0.name 
    from
        customer c1_0
Hibernate: 
    select
        c1_0.id 
    from
        customer c1_0 
    where
        c1_0.id=? 
    fetch
        first ? rows only
]]></system-out>
  </testcase>
  <testcase name="testExistsCustomerByEmailFailsWhenEmailNotPresent" classname="com.aurickcode.customer.CustomerRepositoryTest" time="0.01">
    <system-out><![CDATA[90
Hibernate: 
    select
        c1_0.id 
    from
        customer c1_0 
    where
        c1_0.email=? 
    fetch
        first ? rows only
]]></system-out>
  </testcase>
  <testcase name="testExistsCustomerByEmail" classname="com.aurickcode.customer.CustomerRepositoryTest" time="0.01">
    <system-out><![CDATA[90
Hibernate: 
    select
        nextval('customer_id_seq')
Hibernate: 
    insert 
    into
        customer
        (age,email,name,id) 
    values
        (?,?,?,?)
Hibernate: 
    select
        c1_0.id 
    from
        customer c1_0 
    where
        c1_0.email=? 
    fetch
        first ? rows only
]]></system-out>
  </testcase>
  <testcase name="testExistsCustomerByIdWhenIdNotPresent" classname="com.aurickcode.customer.CustomerRepositoryTest" time="0.006">
    <system-out><![CDATA[90
Hibernate: 
    select
        c1_0.id 
    from
        customer c1_0 
    where
        c1_0.id=? 
    fetch
        first ? rows only
]]></system-out>
  </testcase>
</testsuite>