<?xml version="1.0" encoding="UTF-8"?>
<testsuite xmlns:xsi="http://www.w3.org/2001/XMLSchema-instance" xsi:noNamespaceSchemaLocation="https://maven.apache.org/surefire/maven-surefire-plugin/xsd/surefire-test-report-3.0.xsd" version="3.0" name="com.aurickcode.customer.CustomerJDBCDataAccessServiceTest" time="14.869" tests="14" errors="0" skipped="0" failures="0">
  <properties>
[...]
</properties>
  <testcase name="testDeleteCustomerById" classname="com.aurickcode.customer.CustomerJDBCDataAccessServiceTest" time="0.446">
    <system-out><![CDATA[00:36:20.906 [main] INFO org.testcontainers.images.PullPolicy -- Image pull policy will be performed by: DefaultPullPolicy()
00:36:20.911 [main] INFO org.testcontainers.utility.ImageNameSubstitutor -- Image name substitution will be performed by: DefaultImageNameSubstitutor (composite of 'ConfigurationFileImageNameSubstitutor' and 'PrefixingImageNameSubstitutor')
00:36:21.060 [main] INFO org.testcontainers.dockerclient.DockerClientProviderStrategy -- Loaded org.testcontainers.dockerclient.NpipeSocketClientProviderStrategy from ~/.testcontainers.properties, will try it first
00:36:21.224 [main] INFO org.testcontainers.dockerclient.DockerClientProviderStrategy -- Found Docker environment with local Npipe socket (npipe:////./pipe/docker_engine)
00:36:21.224 [main] INFO org.testcontainers.DockerClientFactory -- Docker host IP address is localhost
00:36:21.239 [main] INFO org.testcontainers.DockerClientFactory -- Connected to docker: 
  Server Version: 24.0.6
  API Version: 1.43
  Operating System: Docker Desktop
  Total Memory: 15835 MB
00:36:21.261 [main] INFO tc.testcontainers/ryuk:0.5.1 -- Creating container for image: testcontainers/ryuk:0.5.1
00:36:21.515 [main] INFO tc.testcontainers/ryuk:0.5.1 -- Container testcontainers/ryuk:0.5.1 is starting: cf2b4f5b57f4a87a1eb7fdaf5d078b8588f5dd044da1228911c20bc95532e0c1
00:36:21.937 [main] INFO tc.testcontainers/ryuk:0.5.1 -- Container testcontainers/ryuk:0.5.1 started in PT0.6748914S
00:36:21.942 [main] INFO org.testcontainers.utility.RyukResourceReaper -- Ryuk started - will monitor and terminate Testcontainers containers on JVM exit
00:36:21.942 [main] INFO org.testcontainers.DockerClientFactory -- Checking the system...
00:36:21.942 [main] INFO org.testcontainers.DockerClientFactory -- ✔︎ Docker server version should be at least 1.6.0
00:36:21.952 [main] INFO tc.postgres:latest -- Pulling docker image: postgres:latest. Please be patient; this may take some time but only needs to be done once.
00:36:23.394 [docker-java-stream--1780587307] INFO tc.postgres:latest -- Starting to pull image
00:36:23.404 [docker-java-stream--1780587307] INFO tc.postgres:latest -- Pulling image layers:  0 pending,  0 downloaded,  0 extracted, (0 bytes/0 bytes)
00:36:24.241 [docker-java-stream--1780587307] INFO tc.postgres:latest -- Pulling image layers: 12 pending,  1 downloaded,  0 extracted, (1 KB/? MB)
00:36:24.617 [docker-java-stream--1780587307] INFO tc.postgres:latest -- Pulling image layers: 11 pending,  2 downloaded,  0 extracted, (7 MB/? MB)
00:36:24.871 [docker-java-stream--1780587307] INFO tc.postgres:latest -- Pulling image layers: 10 pending,  3 downloaded,  0 extracted, (14 MB/? MB)
00:36:25.664 [docker-java-stream--1780587307] INFO tc.postgres:latest -- Pulling image layers:  9 pending,  4 downloaded,  0 extracted, (32 MB/? MB)
00:36:25.810 [docker-java-stream--1780587307] INFO tc.postgres:latest -- Pulling image layers:  8 pending,  5 downloaded,  0 extracted, (37 MB/? MB)
00:36:25.843 [docker-java-stream--1780587307] INFO tc.postgres:latest -- Pulling image layers:  7 pending,  6 downloaded,  0 extracted, (40 MB/? MB)
00:36:26.069 [docker-java-stream--1780587307] INFO tc.postgres:latest -- Pulling image layers:  6 pending,  7 downloaded,  0 extracted, (40 MB/? MB)
00:36:26.176 [docker-java-stream--1780587307] INFO tc.postgres:latest -- Pulling image layers:  5 pending,  8 downloaded,  0 extracted, (40 MB/? MB)
00:36:26.508 [docker-java-stream--1780587307] INFO tc.postgres:latest -- Pulling image layers:  4 pending,  9 downloaded,  0 extracted, (47 MB/? MB)
00:36:26.646 [docker-java-stream--1780587307] INFO tc.postgres:latest -- Pulling image layers:  3 pending, 10 downloaded,  0 extracted, (50 MB/? MB)
00:36:27.068 [docker-java-stream--1780587307] INFO tc.postgres:latest -- Pulling image layers:  3 pending, 10 downloaded,  1 extracted, (56 MB/? MB)
00:36:27.086 [docker-java-stream--1780587307] INFO tc.postgres:latest -- Pulling image layers:  3 pending, 10 downloaded,  2 extracted, (56 MB/? MB)
00:36:27.187 [docker-java-stream--1780587307] INFO tc.postgres:latest -- Pulling image layers:  3 pending, 10 downloaded,  3 extracted, (59 MB/? MB)
00:36:27.228 [docker-java-stream--1780587307] INFO tc.postgres:latest -- Pulling image layers:  3 pending, 10 downloaded,  4 extracted, (60 MB/? MB)
00:36:27.465 [docker-java-stream--1780587307] INFO tc.postgres:latest -- Pulling image layers:  2 pending, 11 downloaded,  4 extracted, (63 MB/? MB)
00:36:27.490 [docker-java-stream--1780587307] INFO tc.postgres:latest -- Pulling image layers:  2 pending, 11 downloaded,  5 extracted, (63 MB/? MB)
00:36:27.540 [docker-java-stream--1780587307] INFO tc.postgres:latest -- Pulling image layers:  2 pending, 11 downloaded,  6 extracted, (63 MB/? MB)
00:36:27.556 [docker-java-stream--1780587307] INFO tc.postgres:latest -- Pulling image layers:  2 pending, 11 downloaded,  7 extracted, (65 MB/? MB)
00:36:27.568 [docker-java-stream--1780587307] INFO tc.postgres:latest -- Pulling image layers:  2 pending, 11 downloaded,  8 extracted, (65 MB/? MB)
00:36:30.347 [docker-java-stream--1780587307] INFO tc.postgres:latest -- Pulling image layers:  1 pending, 12 downloaded,  8 extracted, (143 MB/? MB)
00:36:32.440 [docker-java-stream--1780587307] INFO tc.postgres:latest -- Pulling image layers:  1 pending, 12 downloaded,  9 extracted, (145 MB/? MB)
00:36:32.450 [docker-java-stream--1780587307] INFO tc.postgres:latest -- Pulling image layers:  1 pending, 12 downloaded, 10 extracted, (145 MB/? MB)
00:36:32.460 [docker-java-stream--1780587307] INFO tc.postgres:latest -- Pulling image layers:  1 pending, 12 downloaded, 11 extracted, (145 MB/? MB)
00:36:32.471 [docker-java-stream--1780587307] INFO tc.postgres:latest -- Pulling image layers:  1 pending, 12 downloaded, 12 extracted, (145 MB/? MB)
00:36:32.482 [docker-java-stream--1780587307] INFO tc.postgres:latest -- Pulling image layers:  1 pending, 12 downloaded, 13 extracted, (145 MB/? MB)
00:36:32.494 [docker-java-stream--1780587307] INFO tc.postgres:latest -- Pull complete. 13 layers, pulled in 9s (downloaded 145 MB at 16 MB/s)
00:36:32.496 [main] INFO tc.postgres:latest -- Image postgres:latest pull took PT10.544801S
00:36:32.500 [main] INFO tc.postgres:latest -- Creating container for image: postgres:latest
00:36:32.826 [main] INFO tc.postgres:latest -- Container postgres:latest is starting: db1f45b79e81ac091f702b5f3fe2bfc0cac41ae36e239d2f86a3bd83d856fdf1
00:36:33.833 [main] INFO tc.postgres:latest -- Container postgres:latest started in PT1.33264S
00:36:33.833 [main] INFO tc.postgres:latest -- Container is started (JDBC URL: jdbc:postgresql://localhost:54843/aurickcode-dao-unit-test?loggerLevel=OFF)
00:36:33.923 [main] INFO org.flywaydb.core.internal.license.VersionPrinter -- Flyway Community Edition 9.16.3 by Redgate
00:36:33.923 [main] INFO org.flywaydb.core.internal.license.VersionPrinter -- See release notes here: https://rd.gt/416ObMi
00:36:33.923 [main] INFO org.flywaydb.core.internal.license.VersionPrinter -- 
00:36:34.129 [main] INFO org.flywaydb.core.internal.database.base.BaseDatabaseType -- Database: jdbc:postgresql://localhost:54843/aurickcode-dao-unit-test (PostgreSQL 16.1)
00:36:34.142 [main] WARN org.flywaydb.core.internal.database.base.Database -- Flyway upgrade recommended: PostgreSQL 16.1 is newer than this version of Flyway and support has not been tested. The latest supported version of PostgreSQL is 15.
00:36:34.161 [main] INFO org.flywaydb.core.internal.schemahistory.JdbcTableSchemaHistory -- Schema history table "public"."flyway_schema_history" does not exist yet
00:36:34.164 [main] INFO org.flywaydb.core.internal.command.DbValidate -- Successfully validated 2 migrations (execution time 00:00.014s)
00:36:34.178 [main] INFO org.flywaydb.core.internal.schemahistory.JdbcTableSchemaHistory -- Creating Schema History table "public"."flyway_schema_history" ...
00:36:34.221 [main] INFO org.flywaydb.core.internal.command.DbMigrate -- Current version of schema "public": << Empty Schema >>
00:36:34.229 [main] INFO org.flywaydb.core.internal.command.DbMigrate -- Migrating schema "public" to version "1 - Initial Setup"
00:36:34.256 [main] INFO org.flywaydb.core.internal.command.DbMigrate -- Migrating schema "public" to version "2 - Add Unique Constraint To Customer Email"
00:36:34.271 [main] INFO org.flywaydb.core.internal.command.DbMigrate -- Successfully applied 2 migrations to schema "public", now at version v2 (execution time 00:00.055s)

00:36:34.521 [main] INFO com.zaxxer.hikari.HikariDataSource -- HikariPool-1 - Starting...
00:36:34.581 [main] INFO com.zaxxer.hikari.pool.HikariPool -- HikariPool-1 - Added connection org.postgresql.jdbc.PgConnection@7a2a7492
00:36:34.586 [main] INFO com.zaxxer.hikari.HikariDataSource -- HikariPool-1 - Start completed.
Result: 1
deleteCustomerById result = 1
]]></system-out>
  </testcase>
  <testcase name="testUpdateCustomerName" classname="com.aurickcode.customer.CustomerJDBCDataAccessServiceTest" time="0.042">
    <system-out><![CDATA[00:36:34.732 [main] INFO com.zaxxer.hikari.HikariDataSource -- HikariPool-2 - Starting...
00:36:34.746 [main] INFO com.zaxxer.hikari.pool.HikariPool -- HikariPool-2 - Added connection org.postgresql.jdbc.PgConnection@29fcfc54
00:36:34.746 [main] INFO com.zaxxer.hikari.HikariDataSource -- HikariPool-2 - Start completed.
Result: 1
update customer name result = 1
]]></system-out>
  </testcase>
  <testcase name="testUpdateCustomerAge" classname="com.aurickcode.customer.CustomerJDBCDataAccessServiceTest" time="0.023">
    <system-out><![CDATA[00:36:34.774 [main] INFO com.zaxxer.hikari.HikariDataSource -- HikariPool-3 - Starting...
00:36:34.788 [main] INFO com.zaxxer.hikari.pool.HikariPool -- HikariPool-3 - Added connection org.postgresql.jdbc.PgConnection@74fc3fc7
00:36:34.788 [main] INFO com.zaxxer.hikari.HikariDataSource -- HikariPool-3 - Start completed.
Result: 1
update customer age result = 1
]]></system-out>
  </testcase>
  <testcase name="willUpdateAllPropertiesCustomer" classname="com.aurickcode.customer.CustomerJDBCDataAccessServiceTest" time="0.025">
    <system-out><![CDATA[00:36:34.801 [main] INFO com.zaxxer.hikari.HikariDataSource -- HikariPool-4 - Starting...
00:36:34.814 [main] INFO com.zaxxer.hikari.pool.HikariPool -- HikariPool-4 - Added connection org.postgresql.jdbc.PgConnection@4cc7e3ad
00:36:34.814 [main] INFO com.zaxxer.hikari.HikariDataSource -- HikariPool-4 - Start completed.
Result: 1
update customer name result = 1
update customer age result = 1
update customer email result = 1
]]></system-out>
  </testcase>
  <testcase name="existsPersonWithIdWillReturnFalseWhenIdNotPresent" classname="com.aurickcode.customer.CustomerJDBCDataAccessServiceTest" time="0.047">
    <system-out><![CDATA[00:36:34.851 [main] INFO com.zaxxer.hikari.HikariDataSource -- HikariPool-5 - Starting...
00:36:34.866 [main] INFO com.zaxxer.hikari.pool.HikariPool -- HikariPool-5 - Added connection org.postgresql.jdbc.PgConnection@5a51336a
00:36:34.867 [main] INFO com.zaxxer.hikari.HikariDataSource -- HikariPool-5 - Start completed.
]]></system-out>
  </testcase>
  <testcase name="testSelectCustomerById" classname="com.aurickcode.customer.CustomerJDBCDataAccessServiceTest" time="0.02">
    <system-out><![CDATA[00:36:34.875 [main] INFO com.zaxxer.hikari.HikariDataSource -- HikariPool-6 - Starting...
00:36:34.887 [main] INFO com.zaxxer.hikari.pool.HikariPool -- HikariPool-6 - Added connection org.postgresql.jdbc.PgConnection@343db2f6
00:36:34.888 [main] INFO com.zaxxer.hikari.HikariDataSource -- HikariPool-6 - Start completed.
Result: 1
]]></system-out>
  </testcase>
  <testcase name="testUpdateCustomerEmail" classname="com.aurickcode.customer.CustomerJDBCDataAccessServiceTest" time="0.021">
    <system-out><![CDATA[00:36:34.896 [main] INFO com.zaxxer.hikari.HikariDataSource -- HikariPool-7 - Starting...
00:36:34.907 [main] INFO com.zaxxer.hikari.pool.HikariPool -- HikariPool-7 - Added connection org.postgresql.jdbc.PgConnection@2b1a901d
00:36:34.907 [main] INFO com.zaxxer.hikari.HikariDataSource -- HikariPool-7 - Start completed.
Result: 1
update customer email result = 1
]]></system-out>
  </testcase>
  <testcase name="testInsertCustomer" classname="com.aurickcode.customer.CustomerJDBCDataAccessServiceTest" time="0.002"/>
  <testcase name="willNotUpdateWhenNothingToUpdate" classname="com.aurickcode.customer.CustomerJDBCDataAccessServiceTest" time="0.02">
    <system-out><![CDATA[00:36:34.921 [main] INFO com.zaxxer.hikari.HikariDataSource -- HikariPool-8 - Starting...
00:36:34.934 [main] INFO com.zaxxer.hikari.pool.HikariPool -- HikariPool-8 - Added connection org.postgresql.jdbc.PgConnection@4269aad7
00:36:34.934 [main] INFO com.zaxxer.hikari.HikariDataSource -- HikariPool-8 - Start completed.
Result: 1
]]></system-out>
  </testcase>
  <testcase name="testExistsPersonWithEmail" classname="com.aurickcode.customer.CustomerJDBCDataAccessServiceTest" time="0.017">
    <system-out><![CDATA[00:36:34.942 [main] INFO com.zaxxer.hikari.HikariDataSource -- HikariPool-9 - Starting...
00:36:34.954 [main] INFO com.zaxxer.hikari.pool.HikariPool -- HikariPool-9 - Added connection org.postgresql.jdbc.PgConnection@6728370a
00:36:34.954 [main] INFO com.zaxxer.hikari.HikariDataSource -- HikariPool-9 - Start completed.
Result: 1
]]></system-out>
  </testcase>
  <testcase name="testExistsPersonWithId" classname="com.aurickcode.customer.CustomerJDBCDataAccessServiceTest" time="0.019">
    <system-out><![CDATA[00:36:34.960 [main] INFO com.zaxxer.hikari.HikariDataSource -- HikariPool-10 - Starting...
00:36:34.972 [main] INFO com.zaxxer.hikari.pool.HikariPool -- HikariPool-10 - Added connection org.postgresql.jdbc.PgConnection@5a466dd
00:36:34.972 [main] INFO com.zaxxer.hikari.HikariDataSource -- HikariPool-10 - Start completed.
Result: 1
]]></system-out>
  </testcase>
  <testcase name="existsPersonWithEmailReturnsFalseWhenDoesNotExists" classname="com.aurickcode.customer.CustomerJDBCDataAccessServiceTest" time="0.016">
    <system-out><![CDATA[00:36:34.980 [main] INFO com.zaxxer.hikari.HikariDataSource -- HikariPool-11 - Starting...
00:36:34.992 [main] INFO com.zaxxer.hikari.pool.HikariPool -- HikariPool-11 - Added connection org.postgresql.jdbc.PgConnection@66b6873f
00:36:34.992 [main] INFO com.zaxxer.hikari.HikariDataSource -- HikariPool-11 - Start completed.
]]></system-out>
  </testcase>
  <testcase name="testSelectAllCustomers" classname="com.aurickcode.customer.CustomerJDBCDataAccessServiceTest" time="0.022">
    <system-out><![CDATA[00:36:34.998 [main] INFO com.zaxxer.hikari.HikariDataSource -- HikariPool-12 - Starting...
00:36:35.009 [main] INFO com.zaxxer.hikari.pool.HikariPool -- HikariPool-12 - Added connection org.postgresql.jdbc.PgConnection@1bec1589
00:36:35.009 [main] INFO com.zaxxer.hikari.HikariDataSource -- HikariPool-12 - Start completed.
Result: 1
]]></system-out>
  </testcase>
  <testcase name="willReturnEmptyWhenSelectCustomerById" classname="com.aurickcode.customer.CustomerJDBCDataAccessServiceTest" time="0.014">
    <system-out><![CDATA[00:36:35.020 [main] INFO com.zaxxer.hikari.HikariDataSource -- HikariPool-13 - Starting...
00:36:35.032 [main] INFO com.zaxxer.hikari.pool.HikariPool -- HikariPool-13 - Added connection org.postgresql.jdbc.PgConnection@7d537616
00:36:35.032 [main] INFO com.zaxxer.hikari.HikariDataSource -- HikariPool-13 - Start completed.
]]></system-out>
  </testcase>
</testsuite>